Using pre-set license
Built from '6000.0/staging' branch; Version is '6000.0.28f1 (f336aca0cab5) revision 15939244'; Using compiler version '193933523'; Build Type 'Release'
OS: 'Windows 11  (10.0.26100) 64bit Core' Language: 'en' Physical Memory: 65224 MB
BatchMode: 1, IsHumanControllingUs: 0, StartBugReporterOnCrash: 0, Is64bit: 1, IsPro: 1

COMMAND LINE ARGUMENTS:
C:\Program Files\Unity\Hub\Editor\6000.0.28f1\Editor\Unity.exe
-adb2
-batchMode
-noUpm
-name
AssetImportWorker2
-projectPath
C:/Users/jerse/OneDrive/Documents/GitHub/OpenRelativity
-logFile
Logs/AssetImportWorker2.log
-srvPort
51968
-job-worker-count
15
-background-job-worker-count
8
-asset-garbage-collectors
1
Successfully changed project path to: C:/Users/jerse/OneDrive/Documents/GitHub/OpenRelativity
C:/Users/jerse/OneDrive/Documents/GitHub/OpenRelativity
[UnityMemory] Configuration Parameters - Can be set up in boot.config
    "memorysetup-bucket-allocator-granularity=16"
    "memorysetup-bucket-allocator-bucket-count=8"
    "memorysetup-bucket-allocator-block-size=33554432"
    "memorysetup-bucket-allocator-block-count=8"
    "memorysetup-main-allocator-block-size=16777216"
    "memorysetup-thread-allocator-block-size=16777216"
    "memorysetup-gfx-main-allocator-block-size=16777216"
    "memorysetup-gfx-thread-allocator-block-size=16777216"
    "memorysetup-cache-allocator-block-size=4194304"
    "memorysetup-typetree-allocator-block-size=2097152"
    "memorysetup-profiler-bucket-allocator-granularity=16"
    "memorysetup-profiler-bucket-allocator-bucket-count=8"
    "memorysetup-profiler-bucket-allocator-block-size=33554432"
    "memorysetup-profiler-bucket-allocator-block-count=8"
    "memorysetup-profiler-allocator-block-size=16777216"
    "memorysetup-profiler-editor-allocator-block-size=1048576"
    "memorysetup-temp-allocator-size-main=16777216"
    "memorysetup-job-temp-allocator-block-size=2097152"
    "memorysetup-job-temp-allocator-block-size-background=1048576"
    "memorysetup-job-temp-allocator-reduction-small-platforms=262144"
    "memorysetup-allocator-temp-initial-block-size-main=262144"
    "memorysetup-allocator-temp-initial-block-size-worker=262144"
    "memorysetup-temp-allocator-size-background-worker=32768"
    "memorysetup-temp-allocator-size-job-worker=262144"
    "memorysetup-temp-allocator-size-preload-manager=33554432"
    "memorysetup-temp-allocator-size-nav-mesh-worker=65536"
    "memorysetup-temp-allocator-size-audio-worker=65536"
    "memorysetup-temp-allocator-size-cloud-worker=32768"
    "memorysetup-temp-allocator-size-gi-baking-worker=262144"
    "memorysetup-temp-allocator-size-gi-baking-worker=262144"
    "memorysetup-temp-allocator-size-gi-baking-worker=262144"
    "memorysetup-temp-allocator-size-gi-baking-worker=262144"
    "memorysetup-temp-allocator-size-gi-baking-worker=262144"
    "memorysetup-temp-allocator-size-gfx=262144"
Player connection [3848]  Target information:

Player connection [3848]  * "[IP] 172.27.96.1 [Port] 0 [Flags] 2 [Guid] 2766940917 [EditorId] 2766940917 [Version] 1048832 [Id] WindowsEditor(7,Horus) [Debug] 1 [PackageName] WindowsEditor [ProjectName] Editor" 

Player connection [3848]  * "[IP] 192.168.1.194 [Port] 0 [Flags] 2 [Guid] 2766940917 [EditorId] 2766940917 [Version] 1048832 [Id] WindowsEditor(7,Horus) [Debug] 1 [PackageName] WindowsEditor [ProjectName] Editor" 

Player connection [3848] Host joined multi-casting on [225.0.0.222:54997]...
Player connection [3848] Host joined alternative multi-casting on [225.0.0.222:34997]...
JobSystem: Creating JobQueue using job-worker-count value 15
[Physics::Module] Initialized fallback backend.
[Physics::Module] Id: 0xdecafbad
Library Redirect Path: Library/
[Physics::Module] Selected backend.
[Physics::Module] Name: PhysX
[Physics::Module] Id: 0xf2b8ea05
[Physics::Module] SDK Version: 4.1.2
[Physics::Module] Integration Version: 1.0.0
[Physics::Module] Threading Mode: Multi-Threaded
Refreshing native plugins compatible for Editor in 2.12 ms, found 1 plugins.
Preloading 0 native plugins for Editor in 0.00 ms.
Initialize engine version: 6000.0.28f1 (f336aca0cab5)
[Subsystems] Discovering subsystems at path C:/Program Files/Unity/Hub/Editor/6000.0.28f1/Editor/Data/Resources/UnitySubsystems
[Subsystems] Discovering subsystems at path C:/Users/jerse/OneDrive/Documents/GitHub/OpenRelativity/Assets
GfxDevice: creating device client; kGfxThreadingModeNonThreaded
Direct3D:
    Version:  Direct3D 11.0 [level 11.1]
    Renderer: NVIDIA GeForce RTX 4090 Laptop GPU (ID=0x2757)
    Vendor:   NVIDIA
    VRAM:     16050 MB
    Driver:   32.0.15.6614
Initialize mono
Mono path[0] = 'C:/Program Files/Unity/Hub/Editor/6000.0.28f1/Editor/Data/Managed'
Mono path[1] = 'C:/Program Files/Unity/Hub/Editor/6000.0.28f1/Editor/Data/MonoBleedingEdge/lib/mono/unityjit-win32'
Mono config path = 'C:/Program Files/Unity/Hub/Editor/6000.0.28f1/Editor/Data/MonoBleedingEdge/etc'
Using monoOptions --debugger-agent=transport=dt_socket,embedding=1,server=y,suspend=n,address=127.0.0.1:56988
Begin MonoManager ReloadAssembly
Registering precompiled unity dll's ...
Register platform support module: C:/Program Files/Unity/Hub/Editor/6000.0.28f1/Editor/Data/PlaybackEngines/WebGLSupport/UnityEditor.WebGL.Extensions.dll
Register platform support module: C:/Program Files/Unity/Hub/Editor/6000.0.28f1/Editor/Data/PlaybackEngines/WindowsStandaloneSupport/UnityEditor.WindowsStandalone.Extensions.dll
Registered in 0.003486 seconds.
- Loaded All Assemblies, in  0.255 seconds
Native extension for WindowsStandalone target not found
Native extension for WebGL target not found
Mono: successfully reloaded assembly
- Finished resetting the current domain, in  0.204 seconds
Domain Reload Profiling: 457ms
	BeginReloadAssembly (88ms)
		ExecutionOrderSort (0ms)
		DisableScriptedObjects (0ms)
		BackupInstance (0ms)
		ReleaseScriptingObjects (0ms)
		CreateAndSetChildDomain (1ms)
	RebuildCommonClasses (23ms)
	RebuildNativeTypeToScriptingClass (8ms)
	initialDomainReloadingComplete (33ms)
	LoadAllAssembliesAndSetupDomain (101ms)
		LoadAssemblies (86ms)
		RebuildTransferFunctionScriptingTraits (0ms)
		AnalyzeDomain (99ms)
			TypeCache.Refresh (98ms)
				TypeCache.ScanAssembly (89ms)
			BuildScriptInfoCaches (0ms)
			ResolveRequiredComponents (0ms)
	FinalizeReload (204ms)
		ReleaseScriptCaches (0ms)
		RebuildScriptCaches (0ms)
		SetupLoadedEditorAssemblies (182ms)
			LogAssemblyErrors (0ms)
			InitializePlatformSupportModulesInManaged (16ms)
			SetLoadedEditorAssemblies (3ms)
			BeforeProcessingInitializeOnLoad (4ms)
			ProcessInitializeOnLoadAttributes (121ms)
			ProcessInitializeOnLoadMethodAttributes (37ms)
			AfterProcessingInitializeOnLoad (2ms)
			EditorAssembliesLoaded (0ms)
		ExecutionOrderSort2 (0ms)
		AwakeInstancesAfterBackupRestoration (0ms)
========================================================================
Worker process is ready to serve import requests
Import Worker Mode flag is 0x00
Begin MonoManager ReloadAssembly
- Loaded All Assemblies, in  0.436 seconds
Refreshing native plugins compatible for Editor in 3.04 ms, found 1 plugins.
Native extension for WindowsStandalone target not found
Native extension for WebGL target not found
Package Manager log level set to [2]
[Package Manager] Failed to launch server process. Reason: Unity was launched with the -noUpm command-line argument
[Package Manager] Unable to send message (not connected to server process).
[Package Manager] Cannot connect to Unity Package Manager local server
Mono: successfully reloaded assembly
[Package Manager] Failed to launch server process. Reason: Unity was launched with the -noUpm command-line argument
[Package Manager] Unable to send message (not connected to server process).
[Package Manager] Cannot connect to Unity Package Manager local server
[Package Manager] Failed to launch server process. Reason: Unity was launched with the -noUpm command-line argument
[Package Manager] Unable to send message (not connected to server process).
[Package Manager] Cannot connect to Unity Package Manager local server
- Finished resetting the current domain, in  0.285 seconds
Domain Reload Profiling: 719ms
	BeginReloadAssembly (269ms)
		ExecutionOrderSort (0ms)
		DisableScriptedObjects (4ms)
		BackupInstance (0ms)
		ReleaseScriptingObjects (0ms)
		CreateAndSetChildDomain (20ms)
	RebuildCommonClasses (24ms)
	RebuildNativeTypeToScriptingClass (7ms)
	initialDomainReloadingComplete (22ms)
	LoadAllAssembliesAndSetupDomain (112ms)
		LoadAssemblies (155ms)
		RebuildTransferFunctionScriptingTraits (0ms)
		AnalyzeDomain (27ms)
			TypeCache.Refresh (17ms)
				TypeCache.ScanAssembly (10ms)
			BuildScriptInfoCaches (6ms)
			ResolveRequiredComponents (2ms)
	FinalizeReload (285ms)
		ReleaseScriptCaches (0ms)
		RebuildScriptCaches (0ms)
		SetupLoadedEditorAssemblies (153ms)
			LogAssemblyErrors (0ms)
			InitializePlatformSupportModulesInManaged (2ms)
			SetLoadedEditorAssemblies (3ms)
			BeforeProcessingInitializeOnLoad (17ms)
			ProcessInitializeOnLoadAttributes (106ms)
			ProcessInitializeOnLoadMethodAttributes (19ms)
			AfterProcessingInitializeOnLoad (5ms)
			EditorAssembliesLoaded (0ms)
		ExecutionOrderSort2 (0ms)
		AwakeInstancesAfterBackupRestoration (6ms)
Launched and connected shader compiler UnityShaderCompiler.exe after 0.01 seconds
Refreshing native plugins compatible for Editor in 2.33 ms, found 1 plugins.
Preloading 0 native plugins for Editor in 0.00 ms.
Unloading 19 Unused Serialized files (Serialized files now loaded: 0)
Unloading 975 unused Assets / (375.3 KB). Loaded Objects now: 1574.
Memory consumption went from 91.3 MB to 91.0 MB.
Total: 3.536900 ms (FindLiveObjects: 0.089600 ms CreateObjectMapping: 0.031500 ms MarkObjects: 3.201900 ms  DeleteObjects: 0.213200 ms)

========================================================================
Received Import Request.
  Time since last request: 170252.986835 seconds.
  path: Packages/net.qrack.openrelativity/Example/Resources/GameObjects
  artifactKey: Guid(3eba299145ac1f142adf204a773ed20b) Importer(815301076,1909f56bfc062723c751e8b465ee728b)
Start importing Packages/net.qrack.openrelativity/Example/Resources/GameObjects using Guid(3eba299145ac1f142adf204a773ed20b) Importer(815301076,1909f56bfc062723c751e8b465ee728b) (PreviewImporter) -> (artifact id: '0d6e3f7fd282170e1f2e92808c97a873') in 0.0045689 seconds
Number of updated asset objects reloaded before import = 0Number of asset objects unloaded after import = 0

========================================================================
Received Import Request.
  Time since last request: 0.100299 seconds.
  path: Packages/net.qrack.openrelativity/Example/Resources/GameObjects/PlayerMesh.prefab
  artifactKey: Guid(65bd5fb130602984eac594b0769e1c29) Importer(815301076,1909f56bfc062723c751e8b465ee728b)
Start importing Packages/net.qrack.openrelativity/Example/Resources/GameObjects/PlayerMesh.prefab using Guid(65bd5fb130602984eac594b0769e1c29) Importer(815301076,1909f56bfc062723c751e8b465ee728b) (PreviewImporter) -> (artifact id: '09da8dfcbc9f4abdc825cd9fada89ef7') in 0.0745609 seconds
Number of updated asset objects reloaded before import = 0Number of asset objects unloaded after import = 17

========================================================================
Received Import Request.
  Time since last request: 10.601456 seconds.
  path: Packages/net.qrack.openrelativity/Example/Scenes/newFeatures
  artifactKey: Guid(627880bd38b0cef1cb5b14a6998e9309) Importer(815301076,1909f56bfc062723c751e8b465ee728b)
Start importing Packages/net.qrack.openrelativity/Example/Scenes/newFeatures using Guid(627880bd38b0cef1cb5b14a6998e9309) Importer(815301076,1909f56bfc062723c751e8b465ee728b) (PreviewImporter) -> (artifact id: 'c9967758aa47cacc9ce03e46a17924d4') in 0.0005496 seconds
Number of updated asset objects reloaded before import = 0Number of asset objects unloaded after import = 0

========================================================================
Received Import Request.
  Time since last request: 7.218268 seconds.
  path: Packages/net.qrack.openrelativity/Example/Scenes/real_constants
  artifactKey: Guid(d08e9b03bb488fb16af1df27256d14c4) Importer(815301076,1909f56bfc062723c751e8b465ee728b)
Start importing Packages/net.qrack.openrelativity/Example/Scenes/real_constants using Guid(d08e9b03bb488fb16af1df27256d14c4) Importer(815301076,1909f56bfc062723c751e8b465ee728b) (PreviewImporter) -> (artifact id: '53891ca450aa51fc7860fb7c27587058') in 0.0003946 seconds
Number of updated asset objects reloaded before import = 0Number of asset objects unloaded after import = 0

========================================================================
Received Import Request.
  Time since last request: 2.226407 seconds.
  path: Packages/net.qrack.openrelativity/Example/Scenes/real_constants.unity
  artifactKey: Guid(d94708e4a6659464fbb21ba50545c78d) Importer(815301076,1909f56bfc062723c751e8b465ee728b)
Start importing Packages/net.qrack.openrelativity/Example/Scenes/real_constants.unity using Guid(d94708e4a6659464fbb21ba50545c78d) Importer(815301076,1909f56bfc062723c751e8b465ee728b) (PreviewImporter) -> (artifact id: 'cc72c465a09ea9bd470f0989940fe6c7') in 0.0003754 seconds
Number of updated asset objects reloaded before import = 0Number of asset objects unloaded after import = 0

========================================================================
Received Import Request.
  Time since last request: 3.312057 seconds.
  path: Packages/net.qrack.openrelativity/Example/Scenes/rindlerFeatures
  artifactKey: Guid(dc68ce4adfc231aeb8bb0db8e4053d97) Importer(815301076,1909f56bfc062723c751e8b465ee728b)
Start importing Packages/net.qrack.openrelativity/Example/Scenes/rindlerFeatures using Guid(dc68ce4adfc231aeb8bb0db8e4053d97) Importer(815301076,1909f56bfc062723c751e8b465ee728b) (PreviewImporter) -> (artifact id: '8b50b940aea6b8ad60bc40228fa4bd03') in 0.0003987 seconds
Number of updated asset objects reloaded before import = 0Number of asset objects unloaded after import = 0

========================================================================
Received Prepare
Begin MonoManager ReloadAssembly
- Loaded All Assemblies, in  0.274 seconds
Refreshing native plugins compatible for Editor in 3.36 ms, found 1 plugins.
Native extension for WindowsStandalone target not found
Native extension for WebGL target not found
[Package Manager] Failed to launch server process. Reason: Unity was launched with the -noUpm command-line argument
[Package Manager] Unable to send message (not connected to server process).
[Package Manager] Cannot connect to Unity Package Manager local server
Mono: successfully reloaded assembly
[Package Manager] Failed to launch server process. Reason: Unity was launched with the -noUpm command-line argument
[Package Manager] Unable to send message (not connected to server process).
[Package Manager] Cannot connect to Unity Package Manager local server
- Finished resetting the current domain, in  0.331 seconds
Domain Reload Profiling: 603ms
	BeginReloadAssembly (129ms)
		ExecutionOrderSort (0ms)
		DisableScriptedObjects (3ms)
		BackupInstance (0ms)
		ReleaseScriptingObjects (0ms)
		CreateAndSetChildDomain (22ms)
	RebuildCommonClasses (23ms)
	RebuildNativeTypeToScriptingClass (8ms)
	initialDomainReloadingComplete (17ms)
	LoadAllAssembliesAndSetupDomain (95ms)
		LoadAssemblies (150ms)
		RebuildTransferFunctionScriptingTraits (0ms)
		AnalyzeDomain (21ms)
			TypeCache.Refresh (3ms)
				TypeCache.ScanAssembly (0ms)
			BuildScriptInfoCaches (14ms)
			ResolveRequiredComponents (2ms)
	FinalizeReload (331ms)
		ReleaseScriptCaches (0ms)
		RebuildScriptCaches (0ms)
		SetupLoadedEditorAssemblies (190ms)
			LogAssemblyErrors (0ms)
			InitializePlatformSupportModulesInManaged (2ms)
			SetLoadedEditorAssemblies (3ms)
			BeforeProcessingInitializeOnLoad (19ms)
			ProcessInitializeOnLoadAttributes (129ms)
			ProcessInitializeOnLoadMethodAttributes (28ms)
			AfterProcessingInitializeOnLoad (8ms)
			EditorAssembliesLoaded (0ms)
		ExecutionOrderSort2 (0ms)
		AwakeInstancesAfterBackupRestoration (7ms)
Refreshing native plugins compatible for Editor in 2.12 ms, found 1 plugins.
Preloading 0 native plugins for Editor in 0.00 ms.
Unloading 2 Unused Serialized files (Serialized files now loaded: 0)
Unloading 974 unused Assets / (235.9 KB). Loaded Objects now: 1585.
Memory consumption went from 87.6 MB to 87.4 MB.
Total: 3.688800 ms (FindLiveObjects: 0.081500 ms CreateObjectMapping: 0.022700 ms MarkObjects: 3.376600 ms  DeleteObjects: 0.207100 ms)

Prepare: number of updated asset objects reloaded= 0
========================================================================
Received Prepare
Begin MonoManager ReloadAssembly
- Loaded All Assemblies, in  0.266 seconds
Refreshing native plugins compatible for Editor in 1.84 ms, found 1 plugins.
Native extension for WindowsStandalone target not found
Native extension for WebGL target not found
[Package Manager] Failed to launch server process. Reason: Unity was launched with the -noUpm command-line argument
[Package Manager] Unable to send message (not connected to server process).
[Package Manager] Cannot connect to Unity Package Manager local server
Mono: successfully reloaded assembly
[Package Manager] Failed to launch server process. Reason: Unity was launched with the -noUpm command-line argument
[Package Manager] Unable to send message (not connected to server process).
[Package Manager] Cannot connect to Unity Package Manager local server
- Finished resetting the current domain, in  0.296 seconds
Domain Reload Profiling: 561ms
	BeginReloadAssembly (117ms)
		ExecutionOrderSort (0ms)
		DisableScriptedObjects (3ms)
		BackupInstance (0ms)
		ReleaseScriptingObjects (0ms)
		CreateAndSetChildDomain (18ms)
	RebuildCommonClasses (25ms)
	RebuildNativeTypeToScriptingClass (8ms)
	initialDomainReloadingComplete (15ms)
	LoadAllAssembliesAndSetupDomain (99ms)
		LoadAssemblies (149ms)
		RebuildTransferFunctionScriptingTraits (0ms)
		AnalyzeDomain (20ms)
			TypeCache.Refresh (3ms)
				TypeCache.ScanAssembly (0ms)
			BuildScriptInfoCaches (14ms)
			ResolveRequiredComponents (2ms)
	FinalizeReload (297ms)
		ReleaseScriptCaches (0ms)
		RebuildScriptCaches (0ms)
		SetupLoadedEditorAssemblies (159ms)
			LogAssemblyErrors (0ms)
			InitializePlatformSupportModulesInManaged (2ms)
			SetLoadedEditorAssemblies (4ms)
			BeforeProcessingInitializeOnLoad (18ms)
			ProcessInitializeOnLoadAttributes (110ms)
			ProcessInitializeOnLoadMethodAttributes (19ms)
			AfterProcessingInitializeOnLoad (5ms)
			EditorAssembliesLoaded (0ms)
		ExecutionOrderSort2 (0ms)
		AwakeInstancesAfterBackupRestoration (6ms)
Refreshing native plugins compatible for Editor in 2.46 ms, found 1 plugins.
Preloading 0 native plugins for Editor in 0.00 ms.
Unloading 2 Unused Serialized files (Serialized files now loaded: 0)
Unloading 973 unused Assets / (225.7 KB). Loaded Objects now: 1586.
Memory consumption went from 87.6 MB to 87.4 MB.
Total: 3.392500 ms (FindLiveObjects: 0.085800 ms CreateObjectMapping: 0.022100 ms MarkObjects: 3.075200 ms  DeleteObjects: 0.208500 ms)

Prepare: number of updated asset objects reloaded= 0
========================================================================
Received Prepare
Begin MonoManager ReloadAssembly
- Loaded All Assemblies, in  0.265 seconds
Refreshing native plugins compatible for Editor in 1.91 ms, found 1 plugins.
Native extension for WindowsStandalone target not found
Native extension for WebGL target not found
[Package Manager] Failed to launch server process. Reason: Unity was launched with the -noUpm command-line argument
[Package Manager] Unable to send message (not connected to server process).
[Package Manager] Cannot connect to Unity Package Manager local server
Mono: successfully reloaded assembly
[Package Manager] Failed to launch server process. Reason: Unity was launched with the -noUpm command-line argument
[Package Manager] Unable to send message (not connected to server process).
[Package Manager] Cannot connect to Unity Package Manager local server
- Finished resetting the current domain, in  0.296 seconds
Domain Reload Profiling: 559ms
	BeginReloadAssembly (119ms)
		ExecutionOrderSort (0ms)
		DisableScriptedObjects (4ms)
		BackupInstance (0ms)
		ReleaseScriptingObjects (0ms)
		CreateAndSetChildDomain (18ms)
	RebuildCommonClasses (24ms)
	RebuildNativeTypeToScriptingClass (8ms)
	initialDomainReloadingComplete (15ms)
	LoadAllAssembliesAndSetupDomain (98ms)
		LoadAssemblies (149ms)
		RebuildTransferFunctionScriptingTraits (0ms)
		AnalyzeDomain (21ms)
			TypeCache.Refresh (3ms)
				TypeCache.ScanAssembly (0ms)
			BuildScriptInfoCaches (14ms)
			ResolveRequiredComponents (2ms)
	FinalizeReload (296ms)
		ReleaseScriptCaches (0ms)
		RebuildScriptCaches (0ms)
		SetupLoadedEditorAssemblies (158ms)
			LogAssemblyErrors (0ms)
			InitializePlatformSupportModulesInManaged (2ms)
			SetLoadedEditorAssemblies (2ms)
			BeforeProcessingInitializeOnLoad (18ms)
			ProcessInitializeOnLoadAttributes (113ms)
			ProcessInitializeOnLoadMethodAttributes (17ms)
			AfterProcessingInitializeOnLoad (5ms)
			EditorAssembliesLoaded (0ms)
		ExecutionOrderSort2 (0ms)
		AwakeInstancesAfterBackupRestoration (7ms)
Refreshing native plugins compatible for Editor in 2.12 ms, found 1 plugins.
Preloading 0 native plugins for Editor in 0.00 ms.
Unloading 2 Unused Serialized files (Serialized files now loaded: 0)
Unloading 973 unused Assets / (263.4 KB). Loaded Objects now: 1587.
Memory consumption went from 89.6 MB to 89.3 MB.
Total: 3.264500 ms (FindLiveObjects: 0.075700 ms CreateObjectMapping: 0.020300 ms MarkObjects: 2.969400 ms  DeleteObjects: 0.198500 ms)

Prepare: number of updated asset objects reloaded= 0
========================================================================
Received Prepare
Begin MonoManager ReloadAssembly
- Loaded All Assemblies, in  0.272 seconds
Refreshing native plugins compatible for Editor in 1.88 ms, found 1 plugins.
Native extension for WindowsStandalone target not found
Native extension for WebGL target not found
[Package Manager] Failed to launch server process. Reason: Unity was launched with the -noUpm command-line argument
[Package Manager] Unable to send message (not connected to server process).
[Package Manager] Cannot connect to Unity Package Manager local server
Mono: successfully reloaded assembly
[Package Manager] Failed to launch server process. Reason: Unity was launched with the -noUpm command-line argument
[Package Manager] Unable to send message (not connected to server process).
[Package Manager] Cannot connect to Unity Package Manager local server
- Finished resetting the current domain, in  0.317 seconds
Domain Reload Profiling: 588ms
	BeginReloadAssembly (122ms)
		ExecutionOrderSort (0ms)
		DisableScriptedObjects (3ms)
		BackupInstance (0ms)
		ReleaseScriptingObjects (0ms)
		CreateAndSetChildDomain (19ms)
	RebuildCommonClasses (25ms)
	RebuildNativeTypeToScriptingClass (8ms)
	initialDomainReloadingComplete (15ms)
	LoadAllAssembliesAndSetupDomain (100ms)
		LoadAssemblies (152ms)
		RebuildTransferFunctionScriptingTraits (0ms)
		AnalyzeDomain (21ms)
			TypeCache.Refresh (3ms)
				TypeCache.ScanAssembly (0ms)
			BuildScriptInfoCaches (15ms)
			ResolveRequiredComponents (2ms)
	FinalizeReload (317ms)
		ReleaseScriptCaches (0ms)
		RebuildScriptCaches (0ms)
		SetupLoadedEditorAssemblies (174ms)
			LogAssemblyErrors (0ms)
			InitializePlatformSupportModulesInManaged (2ms)
			SetLoadedEditorAssemblies (3ms)
			BeforeProcessingInitializeOnLoad (22ms)
			ProcessInitializeOnLoadAttributes (122ms)
			ProcessInitializeOnLoadMethodAttributes (19ms)
			AfterProcessingInitializeOnLoad (6ms)
			EditorAssembliesLoaded (0ms)
		ExecutionOrderSort2 (0ms)
		AwakeInstancesAfterBackupRestoration (6ms)
Refreshing native plugins compatible for Editor in 2.79 ms, found 1 plugins.
Preloading 0 native plugins for Editor in 0.00 ms.
Unloading 2 Unused Serialized files (Serialized files now loaded: 0)
Unloading 973 unused Assets / (362.2 KB). Loaded Objects now: 1588.
Memory consumption went from 89.6 MB to 89.2 MB.
Total: 3.583200 ms (FindLiveObjects: 0.090900 ms CreateObjectMapping: 0.021100 ms MarkObjects: 3.210100 ms  DeleteObjects: 0.259600 ms)

Prepare: number of updated asset objects reloaded= 0
========================================================================
Received Prepare
Begin MonoManager ReloadAssembly
- Loaded All Assemblies, in  0.265 seconds
Refreshing native plugins compatible for Editor in 1.91 ms, found 1 plugins.
Native extension for WindowsStandalone target not found
Native extension for WebGL target not found
[Package Manager] Failed to launch server process. Reason: Unity was launched with the -noUpm command-line argument
[Package Manager] Unable to send message (not connected to server process).
[Package Manager] Cannot connect to Unity Package Manager local server
Mono: successfully reloaded assembly
[Package Manager] Failed to launch server process. Reason: Unity was launched with the -noUpm command-line argument
[Package Manager] Unable to send message (not connected to server process).
[Package Manager] Cannot connect to Unity Package Manager local server
- Finished resetting the current domain, in  0.300 seconds
Domain Reload Profiling: 563ms
	BeginReloadAssembly (119ms)
		ExecutionOrderSort (0ms)
		DisableScriptedObjects (3ms)
		BackupInstance (0ms)
		ReleaseScriptingObjects (0ms)
		CreateAndSetChildDomain (19ms)
	RebuildCommonClasses (24ms)
	RebuildNativeTypeToScriptingClass (7ms)
	initialDomainReloadingComplete (15ms)
	LoadAllAssembliesAndSetupDomain (98ms)
		LoadAssemblies (149ms)
		RebuildTransferFunctionScriptingTraits (0ms)
		AnalyzeDomain (20ms)
			TypeCache.Refresh (3ms)
				TypeCache.ScanAssembly (0ms)
			BuildScriptInfoCaches (13ms)
			ResolveRequiredComponents (2ms)
	FinalizeReload (300ms)
		ReleaseScriptCaches (0ms)
		RebuildScriptCaches (0ms)
		SetupLoadedEditorAssemblies (163ms)
			LogAssemblyErrors (0ms)
			InitializePlatformSupportModulesInManaged (2ms)
			SetLoadedEditorAssemblies (4ms)
			BeforeProcessingInitializeOnLoad (21ms)
			ProcessInitializeOnLoadAttributes (112ms)
			ProcessInitializeOnLoadMethodAttributes (18ms)
			AfterProcessingInitializeOnLoad (5ms)
			EditorAssembliesLoaded (0ms)
		ExecutionOrderSort2 (0ms)
		AwakeInstancesAfterBackupRestoration (5ms)
Refreshing native plugins compatible for Editor in 1.94 ms, found 1 plugins.
Preloading 0 native plugins for Editor in 0.00 ms.
Unloading 2 Unused Serialized files (Serialized files now loaded: 0)
Unloading 973 unused Assets / (277.1 KB). Loaded Objects now: 1589.
Memory consumption went from 91.5 MB to 91.3 MB.
Total: 3.060800 ms (FindLiveObjects: 0.077200 ms CreateObjectMapping: 0.020700 ms MarkObjects: 2.768400 ms  DeleteObjects: 0.193900 ms)

Prepare: number of updated asset objects reloaded= 0
========================================================================
Received Import Request.
  Time since last request: 250.631778 seconds.
  path: Packages/net.qrack.qrack
  artifactKey: Guid(2ed01aa9b8b48a6cf8012192c837398c) Importer(815301076,1909f56bfc062723c751e8b465ee728b)
Start importing Packages/net.qrack.qrack using Guid(2ed01aa9b8b48a6cf8012192c837398c) Importer(815301076,1909f56bfc062723c751e8b465ee728b) (PreviewImporter) -> (artifact id: '29c8d1f59ca1149254a3f52988fad5b2') in 0.0118988 seconds
Number of updated asset objects reloaded before import = 0Number of asset objects unloaded after import = 0

========================================================================
Received Import Request.
  Time since last request: 6.036248 seconds.
  path: Packages/net.qrack.qrack/Examples
  artifactKey: Guid(1b4874d30308bd94b8043dd0ffbee670) Importer(815301076,1909f56bfc062723c751e8b465ee728b)
Start importing Packages/net.qrack.qrack/Examples using Guid(1b4874d30308bd94b8043dd0ffbee670) Importer(815301076,1909f56bfc062723c751e8b465ee728b) (PreviewImporter) -> (artifact id: '33308c8822112b496ad70827e914d0d8') in 0.0003902 seconds
Number of updated asset objects reloaded before import = 0Number of asset objects unloaded after import = 0

========================================================================
Received Import Request.
  Time since last request: 14.313625 seconds.
  path: Packages/net.qrack.qrack/Example
  artifactKey: Guid(1b4874d30308bd94b8043dd0ffbee670) Importer(815301076,1909f56bfc062723c751e8b465ee728b)
Start importing Packages/net.qrack.qrack/Example using Guid(1b4874d30308bd94b8043dd0ffbee670) Importer(815301076,1909f56bfc062723c751e8b465ee728b) (PreviewImporter) -> (artifact id: '08a11fa34d4c580e1ee5ceef8d4a612a') in 0.00039 seconds
Number of updated asset objects reloaded before import = 0Number of asset objects unloaded after import = 0

========================================================================
Received Import Request.
  Time since last request: 40.989787 seconds.
  path: Assets/Example
  artifactKey: Guid(52eeab53ed28a4d42bd2211a08052bde) Importer(815301076,1909f56bfc062723c751e8b465ee728b)
Start importing Assets/Example using Guid(52eeab53ed28a4d42bd2211a08052bde) Importer(815301076,1909f56bfc062723c751e8b465ee728b) (PreviewImporter) -> (artifact id: '77f3618ffee2ed8d136f76070dbd2291') in 0.0004799 seconds
Number of updated asset objects reloaded before import = 0Number of asset objects unloaded after import = 0

========================================================================
Received Import Request.
  Time since last request: 14.630693 seconds.
  path: Packages/net.qrack.openrelativity/Example/Scripts
  artifactKey: Guid(b417c0aa491ca5d4880fd8ba09eb1329) Importer(815301076,1909f56bfc062723c751e8b465ee728b)
Start importing Packages/net.qrack.openrelativity/Example/Scripts using Guid(b417c0aa491ca5d4880fd8ba09eb1329) Importer(815301076,1909f56bfc062723c751e8b465ee728b) (PreviewImporter) -> (artifact id: 'ccd14b14a2ebfbe742b2aa0ba7796368') in 0.0006483 seconds
Number of updated asset objects reloaded before import = 0Number of asset objects unloaded after import = 0

========================================================================
Received Prepare
Refreshing native plugins compatible for Editor in 2.01 ms, found 1 plugins.
Preloading 0 native plugins for Editor in 0.00 ms.
Unloading 2 Unused Serialized files (Serialized files now loaded: 0)
Unloading 957 unused Assets / (238.7 KB). Loaded Objects now: 1586.
Memory consumption went from 91.6 MB to 91.4 MB.
Total: 3.539200 ms (FindLiveObjects: 0.074700 ms CreateObjectMapping: 0.020300 ms MarkObjects: 3.252200 ms  DeleteObjects: 0.191300 ms)

Prepare: number of updated asset objects reloaded= 0
========================================================================
Received Prepare
Refreshing native plugins compatible for Editor in 2.00 ms, found 1 plugins.
Preloading 0 native plugins for Editor in 0.00 ms.
Unloading 2 Unused Serialized files (Serialized files now loaded: 0)
Unloading 958 unused Assets / (264.0 KB). Loaded Objects now: 1587.
Memory consumption went from 91.6 MB to 91.4 MB.
Total: 3.023900 ms (FindLiveObjects: 0.075700 ms CreateObjectMapping: 0.026600 ms MarkObjects: 2.730400 ms  DeleteObjects: 0.190300 ms)

Prepare: number of updated asset objects reloaded= 0
========================================================================
Received Prepare
Refreshing native plugins compatible for Editor in 1.87 ms, found 1 plugins.
Preloading 0 native plugins for Editor in 0.00 ms.
Unloading 2 Unused Serialized files (Serialized files now loaded: 0)
Unloading 959 unused Assets / (245.1 KB). Loaded Objects now: 1588.
Memory consumption went from 91.6 MB to 91.4 MB.
Total: 3.467800 ms (FindLiveObjects: 0.092000 ms CreateObjectMapping: 0.022600 ms MarkObjects: 3.157100 ms  DeleteObjects: 0.195600 ms)

Prepare: number of updated asset objects reloaded= 0
========================================================================
Received Import Request.
  Time since last request: 17.440196 seconds.
  path: Assets/Example/Audio
  artifactKey: Guid(48bcd4dd4ea15a747ad316870f9af9b9) Importer(815301076,1909f56bfc062723c751e8b465ee728b)
Start importing Assets/Example/Audio using Guid(48bcd4dd4ea15a747ad316870f9af9b9) Importer(815301076,1909f56bfc062723c751e8b465ee728b) (PreviewImporter) -> (artifact id: 'b725e18c0b68045ef18d56b57760890a') in 0.0023392 seconds
Number of updated asset objects reloaded before import = 0Number of asset objects unloaded after import = 0

========================================================================
Received Prepare
Begin MonoManager ReloadAssembly
- Loaded All Assemblies, in  0.285 seconds
Refreshing native plugins compatible for Editor in 1.78 ms, found 1 plugins.
Native extension for WindowsStandalone target not found
Native extension for WebGL target not found
[Package Manager] Failed to launch server process. Reason: Unity was launched with the -noUpm command-line argument
[Package Manager] Unable to send message (not connected to server process).
[Package Manager] Cannot connect to Unity Package Manager local server
Mono: successfully reloaded assembly
[Package Manager] Failed to launch server process. Reason: Unity was launched with the -noUpm command-line argument
[Package Manager] Unable to send message (not connected to server process).
[Package Manager] Cannot connect to Unity Package Manager local server
- Finished resetting the current domain, in  0.296 seconds
Domain Reload Profiling: 579ms
	BeginReloadAssembly (125ms)
		ExecutionOrderSort (0ms)
		DisableScriptedObjects (3ms)
		BackupInstance (0ms)
		ReleaseScriptingObjects (0ms)
		CreateAndSetChildDomain (21ms)
	RebuildCommonClasses (24ms)
	RebuildNativeTypeToScriptingClass (8ms)
	initialDomainReloadingComplete (17ms)
	LoadAllAssembliesAndSetupDomain (109ms)
		LoadAssemblies (158ms)
		RebuildTransferFunctionScriptingTraits (0ms)
		AnalyzeDomain (23ms)
			TypeCache.Refresh (4ms)
				TypeCache.ScanAssembly (0ms)
			BuildScriptInfoCaches (16ms)
			ResolveRequiredComponents (2ms)
	FinalizeReload (297ms)
		ReleaseScriptCaches (0ms)
		RebuildScriptCaches (0ms)
		SetupLoadedEditorAssemblies (163ms)
			LogAssemblyErrors (0ms)
			InitializePlatformSupportModulesInManaged (2ms)
			SetLoadedEditorAssemblies (3ms)
			BeforeProcessingInitializeOnLoad (23ms)
			ProcessInitializeOnLoadAttributes (110ms)
			ProcessInitializeOnLoadMethodAttributes (19ms)
			AfterProcessingInitializeOnLoad (5ms)
			EditorAssembliesLoaded (0ms)
		ExecutionOrderSort2 (0ms)
		AwakeInstancesAfterBackupRestoration (6ms)
Refreshing native plugins compatible for Editor in 1.98 ms, found 1 plugins.
Preloading 0 native plugins for Editor in 0.00 ms.
Unloading 2 Unused Serialized files (Serialized files now loaded: 0)
Unloading 976 unused Assets / (129.7 KB). Loaded Objects now: 1593.
Memory consumption went from 91.6 MB to 91.4 MB.
Total: 3.664600 ms (FindLiveObjects: 0.091000 ms CreateObjectMapping: 0.030700 ms MarkObjects: 3.370900 ms  DeleteObjects: 0.171200 ms)

Prepare: number of updated asset objects reloaded= 0
========================================================================
Received Import Request.
  Time since last request: 19.822336 seconds.
  path: Assets/Example/Scripts
  artifactKey: Guid(5d488fbd8e0eb5344a880aaf9d7dc968) Importer(815301076,1909f56bfc062723c751e8b465ee728b)
Start importing Assets/Example/Scripts using Guid(5d488fbd8e0eb5344a880aaf9d7dc968) Importer(815301076,1909f56bfc062723c751e8b465ee728b) (PreviewImporter) -> (artifact id: '8f3add11fb5bd5a2fef3cf6ff90c7df6') in 0.0019215 seconds
Number of updated asset objects reloaded before import = 0Number of asset objects unloaded after import = 0

========================================================================
Received Import Request.
  Time since last request: 1.976573 seconds.
  path: Assets/Example/Scripts/Firework.cs
  artifactKey: Guid(90794d959290e81468ad3711d47a71e8) Importer(815301076,1909f56bfc062723c751e8b465ee728b)
Start importing Assets/Example/Scripts/Firework.cs using Guid(90794d959290e81468ad3711d47a71e8) Importer(815301076,1909f56bfc062723c751e8b465ee728b) (PreviewImporter) -> (artifact id: '68b8adbd2b88f2a87afec891c08c1f61') in 0.0003998 seconds
Number of updated asset objects reloaded before import = 0Number of asset objects unloaded after import = 0

========================================================================
Received Prepare
Refreshing native plugins compatible for Editor in 1.82 ms, found 1 plugins.
Preloading 0 native plugins for Editor in 0.00 ms.
Unloading 2 Unused Serialized files (Serialized files now loaded: 0)
Unloading 958 unused Assets / (208.4 KB). Loaded Objects now: 1588.
Memory consumption went from 91.6 MB to 91.4 MB.
Total: 3.473700 ms (FindLiveObjects: 0.116800 ms CreateObjectMapping: 0.027900 ms MarkObjects: 3.145700 ms  DeleteObjects: 0.181500 ms)

Prepare: number of updated asset objects reloaded= 0
========================================================================
Received Prepare
Begin MonoManager ReloadAssembly
- Loaded All Assemblies, in  0.279 seconds
Refreshing native plugins compatible for Editor in 2.23 ms, found 1 plugins.
Native extension for WindowsStandalone target not found
Native extension for WebGL target not found
[Package Manager] Failed to launch server process. Reason: Unity was launched with the -noUpm command-line argument
[Package Manager] Unable to send message (not connected to server process).
[Package Manager] Cannot connect to Unity Package Manager local server
Mono: successfully reloaded assembly
[Package Manager] Failed to launch server process. Reason: Unity was launched with the -noUpm command-line argument
[Package Manager] Unable to send message (not connected to server process).
[Package Manager] Cannot connect to Unity Package Manager local server
- Finished resetting the current domain, in  0.291 seconds
Domain Reload Profiling: 568ms
	BeginReloadAssembly (122ms)
		ExecutionOrderSort (0ms)
		DisableScriptedObjects (3ms)
		BackupInstance (0ms)
		ReleaseScriptingObjects (0ms)
		CreateAndSetChildDomain (19ms)
	RebuildCommonClasses (25ms)
	RebuildNativeTypeToScriptingClass (8ms)
	initialDomainReloadingComplete (16ms)
	LoadAllAssembliesAndSetupDomain (105ms)
		LoadAssemblies (157ms)
		RebuildTransferFunctionScriptingTraits (0ms)
		AnalyzeDomain (22ms)
			TypeCache.Refresh (4ms)
				TypeCache.ScanAssembly (0ms)
			BuildScriptInfoCaches (15ms)
			ResolveRequiredComponents (2ms)
	FinalizeReload (291ms)
		ReleaseScriptCaches (0ms)
		RebuildScriptCaches (0ms)
		SetupLoadedEditorAssemblies (153ms)
			LogAssemblyErrors (0ms)
			InitializePlatformSupportModulesInManaged (2ms)
			SetLoadedEditorAssemblies (3ms)
			BeforeProcessingInitializeOnLoad (17ms)
			ProcessInitializeOnLoadAttributes (109ms)
			ProcessInitializeOnLoadMethodAttributes (18ms)
			AfterProcessingInitializeOnLoad (5ms)
			EditorAssembliesLoaded (0ms)
		ExecutionOrderSort2 (0ms)
		AwakeInstancesAfterBackupRestoration (6ms)
Refreshing native plugins compatible for Editor in 1.82 ms, found 1 plugins.
Preloading 0 native plugins for Editor in 0.00 ms.
Unloading 2 Unused Serialized files (Serialized files now loaded: 0)
Unloading 975 unused Assets / (229.3 KB). Loaded Objects now: 1593.
Memory consumption went from 91.6 MB to 91.3 MB.
Total: 2.967300 ms (FindLiveObjects: 0.073000 ms CreateObjectMapping: 0.020700 ms MarkObjects: 2.690700 ms  DeleteObjects: 0.182000 ms)

Prepare: number of updated asset objects reloaded= 0
========================================================================
Received Import Request.
  Time since last request: 18.378024 seconds.
  path: Assets/Example/Scenes/real_constants.unity
  artifactKey: Guid(76a5f3420985e0447bebfeff1051e86b) Importer(815301076,1909f56bfc062723c751e8b465ee728b)
Start importing Assets/Example/Scenes/real_constants.unity using Guid(76a5f3420985e0447bebfeff1051e86b) Importer(815301076,1909f56bfc062723c751e8b465ee728b) (PreviewImporter) -> (artifact id: '7e7c583c17ec069779e1f16487735736') in 0.0021224 seconds
Number of updated asset objects reloaded before import = 0Number of asset objects unloaded after import = 0

========================================================================
Received Import Request.
  Time since last request: 0.496474 seconds.
  path: Assets/Example/Scenes/newFeatures.unity
  artifactKey: Guid(08b478f3f3c1e59408d36e4c74588055) Importer(815301076,1909f56bfc062723c751e8b465ee728b)
Start importing Assets/Example/Scenes/newFeatures.unity using Guid(08b478f3f3c1e59408d36e4c74588055) Importer(815301076,1909f56bfc062723c751e8b465ee728b) (PreviewImporter) -> (artifact id: '027a4966f529b2f92c05fe96cba309ea') in 0.0004114 seconds
Number of updated asset objects reloaded before import = 0Number of asset objects unloaded after import = 0

========================================================================
Received Import Request.
  Time since last request: 13.751127 seconds.
  path: Assets/Example/Scenes/newFeatures
  artifactKey: Guid(a3f6336efd79ca541a6f31ebeaeee733) Importer(815301076,1909f56bfc062723c751e8b465ee728b)
Start importing Assets/Example/Scenes/newFeatures using Guid(a3f6336efd79ca541a6f31ebeaeee733) Importer(815301076,1909f56bfc062723c751e8b465ee728b) (PreviewImporter) -> (artifact id: 'f70ec64e6467cabd21123eea5633df04') in 0.0003927 seconds
Number of updated asset objects reloaded before import = 0Number of asset objects unloaded after import = 0

========================================================================
Received Import Request.
  Time since last request: 2.493610 seconds.
  path: Assets/Example/Scenes/real_constants
  artifactKey: Guid(31b971f4fbdf2ee47a2563a68d7de2c2) Importer(815301076,1909f56bfc062723c751e8b465ee728b)
Start importing Assets/Example/Scenes/real_constants using Guid(31b971f4fbdf2ee47a2563a68d7de2c2) Importer(815301076,1909f56bfc062723c751e8b465ee728b) (PreviewImporter) -> (artifact id: '92209b4475ffb347db7eb9c15d4d7404') in 0.0003732 seconds
Number of updated asset objects reloaded before import = 0Number of asset objects unloaded after import = 0

========================================================================
Received Import Request.
  Time since last request: 20.135454 seconds.
  path: Packages/net.qrack.openrelativity/Example/Scenes/monopole.unity
  artifactKey: Guid(cc8f31867774a9b4486849e81364f55f) Importer(815301076,1909f56bfc062723c751e8b465ee728b)
Start importing Packages/net.qrack.openrelativity/Example/Scenes/monopole.unity using Guid(cc8f31867774a9b4486849e81364f55f) Importer(815301076,1909f56bfc062723c751e8b465ee728b) (PreviewImporter) -> (artifact id: '5192f4129bc861d0b6dedf268ab0f0de') in 0.0004148 seconds
Number of updated asset objects reloaded before import = 0Number of asset objects unloaded after import = 0

========================================================================
Received Import Request.
  Time since last request: 14.210178 seconds.
  path: Assets/Example/Scenes/blackhole_interior.unity
  artifactKey: Guid(a81a46e7f40117149bc92af30670647b) Importer(815301076,1909f56bfc062723c751e8b465ee728b)
Start importing Assets/Example/Scenes/blackhole_interior.unity using Guid(a81a46e7f40117149bc92af30670647b) Importer(815301076,1909f56bfc062723c751e8b465ee728b) (PreviewImporter) -> (artifact id: '3036fff7fae260caca5e524e433891e9') in 0.0004737 seconds
Number of updated asset objects reloaded before import = 0Number of asset objects unloaded after import = 0

========================================================================
Received Import Request.
  Time since last request: 5.827302 seconds.
  path: Assets/Example/Scenes/blackhole_skybox.unity
  artifactKey: Guid(e8f9efa57468d7c4eaf9c38168b929a7) Importer(815301076,1909f56bfc062723c751e8b465ee728b)
Start importing Assets/Example/Scenes/blackhole_skybox.unity using Guid(e8f9efa57468d7c4eaf9c38168b929a7) Importer(815301076,1909f56bfc062723c751e8b465ee728b) (PreviewImporter) -> (artifact id: '2a4c54a01823bd09d61b6578936874c2') in 0.0003837 seconds
Number of updated asset objects reloaded before import = 0Number of asset objects unloaded after import = 0

========================================================================
Received Import Request.
  Time since last request: 3.231657 seconds.
  path: Assets/Example/Scenes/charged_skybox.unity
  artifactKey: Guid(f944b2070748c2640a3837c509753942) Importer(815301076,1909f56bfc062723c751e8b465ee728b)
Start importing Assets/Example/Scenes/charged_skybox.unity using Guid(f944b2070748c2640a3837c509753942) Importer(815301076,1909f56bfc062723c751e8b465ee728b) (PreviewImporter) -> (artifact id: '28b8788230e33a797f34aa4b7bcc840b') in 0.0004692 seconds
Number of updated asset objects reloaded before import = 0Number of asset objects unloaded after import = 0

========================================================================
Received Import Request.
  Time since last request: 2.758867 seconds.
  path: Assets/Example/Scenes/charged_spinning_skybox.unity
  artifactKey: Guid(fd03924dcfc84d045868dc7d5d6a5308) Importer(815301076,1909f56bfc062723c751e8b465ee728b)
Start importing Assets/Example/Scenes/charged_spinning_skybox.unity using Guid(fd03924dcfc84d045868dc7d5d6a5308) Importer(815301076,1909f56bfc062723c751e8b465ee728b) (PreviewImporter) -> (artifact id: '14de0bc6f471f4a8ad6d00f02e53313e') in 0.0003983 seconds
Number of updated asset objects reloaded before import = 0Number of asset objects unloaded after import = 0

========================================================================
Received Import Request.
  Time since last request: 6.228088 seconds.
  path: Assets/Example/Scenes/Example_Lighting_Settings.lighting
  artifactKey: Guid(695a8050e782b86438e9f78124eb9c48) Importer(815301076,1909f56bfc062723c751e8b465ee728b)
Start importing Assets/Example/Scenes/Example_Lighting_Settings.lighting using Guid(695a8050e782b86438e9f78124eb9c48) Importer(815301076,1909f56bfc062723c751e8b465ee728b) (PreviewImporter)LightingSettings: switching bake backend from 1 to 2.
 -> (artifact id: '92cf86a3257b5360bea7580445ca0756') in 0.0103408 seconds
Number of updated asset objects reloaded before import = 0Number of asset objects unloaded after import = 1

========================================================================
Received Import Request.
  Time since last request: 3.939910 seconds.
  path: Assets/Example/Scenes/kerr_skybox.unity
  artifactKey: Guid(d1558b0be64a3344781f5785ebc9f4f9) Importer(815301076,1909f56bfc062723c751e8b465ee728b)
Start importing Assets/Example/Scenes/kerr_skybox.unity using Guid(d1558b0be64a3344781f5785ebc9f4f9) Importer(815301076,1909f56bfc062723c751e8b465ee728b) (PreviewImporter) -> (artifact id: '340bf33f041cf4f9f2e310391c391503') in 0.0004619 seconds
Number of updated asset objects reloaded before import = 0Number of asset objects unloaded after import = 0

========================================================================
Received Import Request.
  Time since last request: 4.814317 seconds.
  path: Assets/Example/Scenes/monopole.unity
  artifactKey: Guid(43dc3eaec7c17eb4b80568f709f1dfde) Importer(815301076,1909f56bfc062723c751e8b465ee728b)
Start importing Assets/Example/Scenes/monopole.unity using Guid(43dc3eaec7c17eb4b80568f709f1dfde) Importer(815301076,1909f56bfc062723c751e8b465ee728b) (PreviewImporter) -> (artifact id: '4b15397b36e8d1ac8f7fcb49c931fe1a') in 0.0005291 seconds
Number of updated asset objects reloaded before import = 0Number of asset objects unloaded after import = 0

========================================================================
Received Import Request.
  Time since last request: 36.009524 seconds.
  path: Assets/Example/Scenes/rindlerFeatures.unity
  artifactKey: Guid(6f5d0eed042cab34a8f8f3dc353d991e) Importer(815301076,1909f56bfc062723c751e8b465ee728b)
Start importing Assets/Example/Scenes/rindlerFeatures.unity using Guid(6f5d0eed042cab34a8f8f3dc353d991e) Importer(815301076,1909f56bfc062723c751e8b465ee728b) (PreviewImporter) -> (artifact id: '95bc9637fa56f249aecd365cfa34bcbf') in 0.0004376 seconds
Number of updated asset objects reloaded before import = 0Number of asset objects unloaded after import = 0

========================================================================
Received Import Request.
  Time since last request: 5.483858 seconds.
  path: Assets/Example/Scenes/yorktown.unity
  artifactKey: Guid(2a4b3867b35d1af4cacdd784ade2d12b) Importer(815301076,1909f56bfc062723c751e8b465ee728b)
Start importing Assets/Example/Scenes/yorktown.unity using Guid(2a4b3867b35d1af4cacdd784ade2d12b) Importer(815301076,1909f56bfc062723c751e8b465ee728b) (PreviewImporter) -> (artifact id: '333e24fc830ec0ec6319dca5a322ea2c') in 0.0003753 seconds
Number of updated asset objects reloaded before import = 0Number of asset objects unloaded after import = 0

========================================================================
Received Import Request.
  Time since last request: 37.533489 seconds.
  path: Packages/net.qrack.qrack/Example/Scenes
  artifactKey: Guid(186b9bd8d11f63c489102c39ad84aadd) Importer(815301076,1909f56bfc062723c751e8b465ee728b)
Start importing Packages/net.qrack.qrack/Example/Scenes using Guid(186b9bd8d11f63c489102c39ad84aadd) Importer(815301076,1909f56bfc062723c751e8b465ee728b) (PreviewImporter) -> (artifact id: 'c2d15cb24258406e1894b860b9cf4db6') in 0.0006823 seconds
Number of updated asset objects reloaded before import = 0Number of asset objects unloaded after import = 0

========================================================================
Received Import Request.
  Time since last request: 37.159874 seconds.
  path: Assets/Example/Scenes
  artifactKey: Guid(eb3864b372f168849936c05f7041b86c) Importer(815301076,1909f56bfc062723c751e8b465ee728b)
Start importing Assets/Example/Scenes using Guid(eb3864b372f168849936c05f7041b86c) Importer(815301076,1909f56bfc062723c751e8b465ee728b) (PreviewImporter) -> (artifact id: 'b7f34a90b20290a20eff632b964714d3') in 0.0003667 seconds
Number of updated asset objects reloaded before import = 0Number of asset objects unloaded after import = 0

========================================================================
Received Import Request.
  Time since last request: 34.386687 seconds.
  path: Packages/net.qrack.qrack/Example/Scenes/yorktown.unity
  artifactKey: Guid(1080c9385bac2a24eb765488e6194530) Importer(815301076,1909f56bfc062723c751e8b465ee728b)
Start importing Packages/net.qrack.qrack/Example/Scenes/yorktown.unity using Guid(1080c9385bac2a24eb765488e6194530) Importer(815301076,1909f56bfc062723c751e8b465ee728b) (PreviewImporter) -> (artifact id: '19f8707d77f2ff3de901e497479b8f10') in 0.0004183 seconds
Number of updated asset objects reloaded before import = 0Number of asset objects unloaded after import = 0

========================================================================
Received Import Request.
  Time since last request: 38.762865 seconds.
  path: Packages/net.qrack.openrelativity/Example/Scenes/rindlerFeatures.unity
  artifactKey: Guid(86698db5947cd8946989118a41bde3ef) Importer(815301076,1909f56bfc062723c751e8b465ee728b)
Start importing Packages/net.qrack.openrelativity/Example/Scenes/rindlerFeatures.unity using Guid(86698db5947cd8946989118a41bde3ef) Importer(815301076,1909f56bfc062723c751e8b465ee728b) (PreviewImporter) -> (artifact id: '2686d497df4f8639b0286867bd9a716f') in 0.0005042 seconds
Number of updated asset objects reloaded before import = 0Number of asset objects unloaded after import = 0

========================================================================
Received Import Request.
  Time since last request: 32.149036 seconds.
  path: Assets/Example/Scenes/rindlerFeatures
  artifactKey: Guid(411ccb81ab5bbb34dbda83d744843cbd) Importer(815301076,1909f56bfc062723c751e8b465ee728b)
Start importing Assets/Example/Scenes/rindlerFeatures using Guid(411ccb81ab5bbb34dbda83d744843cbd) Importer(815301076,1909f56bfc062723c751e8b465ee728b) (PreviewImporter) -> (artifact id: 'c0dae3f89adf9f07e044789fd549b0cd') in 0.0004129 seconds
Number of updated asset objects reloaded before import = 0Number of asset objects unloaded after import = 0

========================================================================
Received Import Request.
  Time since last request: 11.741951 seconds.
  path: Assets/Example/Scenes/newFeatures.unity
  artifactKey: Guid(453d231c07ce5ad4aa47440fad53898c) Importer(815301076,1909f56bfc062723c751e8b465ee728b)
Start importing Assets/Example/Scenes/newFeatures.unity using Guid(453d231c07ce5ad4aa47440fad53898c) Importer(815301076,1909f56bfc062723c751e8b465ee728b) (PreviewImporter) -> (artifact id: '9f5f9bb4734ff649d03ce909632a712a') in 0.0004085 seconds
Number of updated asset objects reloaded before import = 0Number of asset objects unloaded after import = 0

========================================================================
Received Import Request.
  Time since last request: 3.260777 seconds.
  path: Assets/Example/Scenes/newFeatures
  artifactKey: Guid(110329cb7cfb85a42a260385ff842416) Importer(815301076,1909f56bfc062723c751e8b465ee728b)
Start importing Assets/Example/Scenes/newFeatures using Guid(110329cb7cfb85a42a260385ff842416) Importer(815301076,1909f56bfc062723c751e8b465ee728b) (PreviewImporter) -> (artifact id: 'a8a2e033d3c2d8efb96f4b4cf111fbe6') in 0.0003964 seconds
Number of updated asset objects reloaded before import = 0Number of asset objects unloaded after import = 0

========================================================================
Received Import Request.
  Time since last request: 43.326807 seconds.
  path: Packages/net.qrack.openrelativity/Example/Scenes/newFeatures.unity
  artifactKey: Guid(a2feaa10b01401540b90c64f12351590) Importer(815301076,1909f56bfc062723c751e8b465ee728b)
Start importing Packages/net.qrack.openrelativity/Example/Scenes/newFeatures.unity using Guid(a2feaa10b01401540b90c64f12351590) Importer(815301076,1909f56bfc062723c751e8b465ee728b) (PreviewImporter) -> (artifact id: '9e4208dde7fe866582177eafb50c0d66') in 0.0004224 seconds
Number of updated asset objects reloaded before import = 0Number of asset objects unloaded after import = 0

========================================================================
Received Import Request.
  Time since last request: 17.269710 seconds.
  path: Packages/net.qrack.openrelativity/Example/Scenes/yorktown.unity
  artifactKey: Guid(753f3a7e903d30d2192efc36613d90ab) Importer(815301076,1909f56bfc062723c751e8b465ee728b)
Start importing Packages/net.qrack.openrelativity/Example/Scenes/yorktown.unity using Guid(753f3a7e903d30d2192efc36613d90ab) Importer(815301076,1909f56bfc062723c751e8b465ee728b) (PreviewImporter) -> (artifact id: '20afd9c174d4986f113bc7d7d4f1d193') in 0.0004276 seconds
Number of updated asset objects reloaded before import = 0Number of asset objects unloaded after import = 0

========================================================================
Received Prepare
Begin MonoManager ReloadAssembly
- Loaded All Assemblies, in  0.276 seconds
Refreshing native plugins compatible for Editor in 2.16 ms, found 1 plugins.
Native extension for WindowsStandalone target not found
Native extension for WebGL target not found
[Package Manager] Failed to launch server process. Reason: Unity was launched with the -noUpm command-line argument
[Package Manager] Unable to send message (not connected to server process).
[Package Manager] Cannot connect to Unity Package Manager local server
Mono: successfully reloaded assembly
[Package Manager] Failed to launch server process. Reason: Unity was launched with the -noUpm command-line argument
[Package Manager] Unable to send message (not connected to server process).
[Package Manager] Cannot connect to Unity Package Manager local server
- Finished resetting the current domain, in  0.291 seconds
Domain Reload Profiling: 566ms
	BeginReloadAssembly (125ms)
		ExecutionOrderSort (0ms)
		DisableScriptedObjects (4ms)
		BackupInstance (0ms)
		ReleaseScriptingObjects (0ms)
		CreateAndSetChildDomain (20ms)
	RebuildCommonClasses (25ms)
	RebuildNativeTypeToScriptingClass (7ms)
	initialDomainReloadingComplete (16ms)
	LoadAllAssembliesAndSetupDomain (101ms)
		LoadAssemblies (156ms)
		RebuildTransferFunctionScriptingTraits (0ms)
		AnalyzeDomain (21ms)
			TypeCache.Refresh (3ms)
				TypeCache.ScanAssembly (0ms)
			BuildScriptInfoCaches (14ms)
			ResolveRequiredComponents (2ms)
	FinalizeReload (292ms)
		ReleaseScriptCaches (0ms)
		RebuildScriptCaches (0ms)
		SetupLoadedEditorAssemblies (159ms)
			LogAssemblyErrors (0ms)
			InitializePlatformSupportModulesInManaged (2ms)
			SetLoadedEditorAssemblies (3ms)
			BeforeProcessingInitializeOnLoad (17ms)
			ProcessInitializeOnLoadAttributes (113ms)
			ProcessInitializeOnLoadMethodAttributes (18ms)
			AfterProcessingInitializeOnLoad (6ms)
			EditorAssembliesLoaded (0ms)
		ExecutionOrderSort2 (0ms)
		AwakeInstancesAfterBackupRestoration (7ms)
Refreshing native plugins compatible for Editor in 1.99 ms, found 1 plugins.
Preloading 0 native plugins for Editor in 0.00 ms.
Unloading 2 Unused Serialized files (Serialized files now loaded: 0)
Unloading 975 unused Assets / (169.1 KB). Loaded Objects now: 1594.
Memory consumption went from 91.6 MB to 91.4 MB.
Total: 3.515000 ms (FindLiveObjects: 0.094600 ms CreateObjectMapping: 0.023500 ms MarkObjects: 3.192600 ms  DeleteObjects: 0.203600 ms)

Prepare: number of updated asset objects reloaded= 0
========================================================================
Received Import Request.
  Time since last request: 55.920656 seconds.
  path: Packages/net.qrack.qrack/Example/Scenes/Example_Lighting_Settings.lighting
  artifactKey: Guid(5eb18c7469535aa4592dcb141b451b66) Importer(815301076,1909f56bfc062723c751e8b465ee728b)
Start importing Packages/net.qrack.qrack/Example/Scenes/Example_Lighting_Settings.lighting using Guid(5eb18c7469535aa4592dcb141b451b66) Importer(815301076,1909f56bfc062723c751e8b465ee728b) (PreviewImporter)LightingSettings: switching bake backend from 1 to 2.
 -> (artifact id: 'df0cf692bdb4a3beb0d1fa5835e0ddc8') in 0.0123315 seconds
Number of updated asset objects reloaded before import = 0Number of asset objects unloaded after import = 1

========================================================================
Received Prepare
Begin MonoManager ReloadAssembly
- Loaded All Assemblies, in  0.266 seconds
Refreshing native plugins compatible for Editor in 2.35 ms, found 1 plugins.
Native extension for WindowsStandalone target not found
Native extension for WebGL target not found
[Package Manager] Failed to launch server process. Reason: Unity was launched with the -noUpm command-line argument
[Package Manager] Unable to send message (not connected to server process).
[Package Manager] Cannot connect to Unity Package Manager local server
Mono: successfully reloaded assembly
[Package Manager] Failed to launch server process. Reason: Unity was launched with the -noUpm command-line argument
[Package Manager] Unable to send message (not connected to server process).
[Package Manager] Cannot connect to Unity Package Manager local server
- Finished resetting the current domain, in  0.279 seconds
Domain Reload Profiling: 543ms
	BeginReloadAssembly (119ms)
		ExecutionOrderSort (0ms)
		DisableScriptedObjects (4ms)
		BackupInstance (0ms)
		ReleaseScriptingObjects (0ms)
		CreateAndSetChildDomain (18ms)
	RebuildCommonClasses (24ms)
	RebuildNativeTypeToScriptingClass (8ms)
	initialDomainReloadingComplete (17ms)
	LoadAllAssembliesAndSetupDomain (96ms)
		LoadAssemblies (147ms)
		RebuildTransferFunctionScriptingTraits (0ms)
		AnalyzeDomain (21ms)
			TypeCache.Refresh (3ms)
				TypeCache.ScanAssembly (0ms)
			BuildScriptInfoCaches (14ms)
			ResolveRequiredComponents (2ms)
	FinalizeReload (279ms)
		ReleaseScriptCaches (0ms)
		RebuildScriptCaches (0ms)
		SetupLoadedEditorAssemblies (148ms)
			LogAssemblyErrors (0ms)
			InitializePlatformSupportModulesInManaged (2ms)
			SetLoadedEditorAssemblies (3ms)
			BeforeProcessingInitializeOnLoad (16ms)
			ProcessInitializeOnLoadAttributes (105ms)
			ProcessInitializeOnLoadMethodAttributes (16ms)
			AfterProcessingInitializeOnLoad (5ms)
			EditorAssembliesLoaded (0ms)
		ExecutionOrderSort2 (0ms)
		AwakeInstancesAfterBackupRestoration (5ms)
Refreshing native plugins compatible for Editor in 1.74 ms, found 1 plugins.
Preloading 0 native plugins for Editor in 0.00 ms.
Unloading 2 Unused Serialized files (Serialized files now loaded: 0)
Unloading 975 unused Assets / (232.8 KB). Loaded Objects now: 1595.
Memory consumption went from 91.6 MB to 91.3 MB.
Total: 3.078600 ms (FindLiveObjects: 0.072100 ms CreateObjectMapping: 0.026100 ms MarkObjects: 2.808200 ms  DeleteObjects: 0.171500 ms)

Prepare: number of updated asset objects reloaded= 0
========================================================================
Received Prepare
Begin MonoManager ReloadAssembly
- Loaded All Assemblies, in  0.268 seconds
Refreshing native plugins compatible for Editor in 1.93 ms, found 1 plugins.
Native extension for WindowsStandalone target not found
Native extension for WebGL target not found
[Package Manager] Failed to launch server process. Reason: Unity was launched with the -noUpm command-line argument
[Package Manager] Unable to send message (not connected to server process).
[Package Manager] Cannot connect to Unity Package Manager local server
Mono: successfully reloaded assembly
[Package Manager] Failed to launch server process. Reason: Unity was launched with the -noUpm command-line argument
[Package Manager] Unable to send message (not connected to server process).
[Package Manager] Cannot connect to Unity Package Manager local server
- Finished resetting the current domain, in  0.303 seconds
Domain Reload Profiling: 569ms
	BeginReloadAssembly (123ms)
		ExecutionOrderSort (0ms)
		DisableScriptedObjects (4ms)
		BackupInstance (0ms)
		ReleaseScriptingObjects (0ms)
		CreateAndSetChildDomain (19ms)
	RebuildCommonClasses (24ms)
	RebuildNativeTypeToScriptingClass (8ms)
	initialDomainReloadingComplete (15ms)
	LoadAllAssembliesAndSetupDomain (97ms)
		LoadAssemblies (151ms)
		RebuildTransferFunctionScriptingTraits (0ms)
		AnalyzeDomain (20ms)
			TypeCache.Refresh (2ms)
				TypeCache.ScanAssembly (0ms)
			BuildScriptInfoCaches (14ms)
			ResolveRequiredComponents (2ms)
	FinalizeReload (303ms)
		ReleaseScriptCaches (0ms)
		RebuildScriptCaches (0ms)
		SetupLoadedEditorAssemblies (164ms)
			LogAssemblyErrors (0ms)
			InitializePlatformSupportModulesInManaged (2ms)
			SetLoadedEditorAssemblies (3ms)
			BeforeProcessingInitializeOnLoad (19ms)
			ProcessInitializeOnLoadAttributes (115ms)
			ProcessInitializeOnLoadMethodAttributes (19ms)
			AfterProcessingInitializeOnLoad (5ms)
			EditorAssembliesLoaded (0ms)
		ExecutionOrderSort2 (0ms)
		AwakeInstancesAfterBackupRestoration (6ms)
Refreshing native plugins compatible for Editor in 2.52 ms, found 1 plugins.
Preloading 0 native plugins for Editor in 0.00 ms.
Unloading 2 Unused Serialized files (Serialized files now loaded: 0)
Unloading 975 unused Assets / (226.8 KB). Loaded Objects now: 1596.
Memory consumption went from 91.6 MB to 91.4 MB.
Total: 3.204200 ms (FindLiveObjects: 0.079700 ms CreateObjectMapping: 0.021500 ms MarkObjects: 2.912600 ms  DeleteObjects: 0.189700 ms)

Prepare: number of updated asset objects reloaded= 0
========================================================================
Received Prepare
Begin MonoManager ReloadAssembly
- Loaded All Assemblies, in  0.278 seconds
Refreshing native plugins compatible for Editor in 2.24 ms, found 1 plugins.
Native extension for WindowsStandalone target not found
Native extension for WebGL target not found
[Package Manager] Failed to launch server process. Reason: Unity was launched with the -noUpm command-line argument
[Package Manager] Unable to send message (not connected to server process).
[Package Manager] Cannot connect to Unity Package Manager local server
Mono: successfully reloaded assembly
[Package Manager] Failed to launch server process. Reason: Unity was launched with the -noUpm command-line argument
[Package Manager] Unable to send message (not connected to server process).
[Package Manager] Cannot connect to Unity Package Manager local server
- Finished resetting the current domain, in  0.321 seconds
Domain Reload Profiling: 598ms
	BeginReloadAssembly (123ms)
		ExecutionOrderSort (0ms)
		DisableScriptedObjects (3ms)
		BackupInstance (0ms)
		ReleaseScriptingObjects (0ms)
		CreateAndSetChildDomain (20ms)
	RebuildCommonClasses (25ms)
	RebuildNativeTypeToScriptingClass (8ms)
	initialDomainReloadingComplete (15ms)
	LoadAllAssembliesAndSetupDomain (105ms)
		LoadAssemblies (159ms)
		RebuildTransferFunctionScriptingTraits (0ms)
		AnalyzeDomain (21ms)
			TypeCache.Refresh (3ms)
				TypeCache.ScanAssembly (0ms)
			BuildScriptInfoCaches (15ms)
			ResolveRequiredComponents (2ms)
	FinalizeReload (321ms)
		ReleaseScriptCaches (0ms)
		RebuildScriptCaches (0ms)
		SetupLoadedEditorAssemblies (179ms)
			LogAssemblyErrors (0ms)
			InitializePlatformSupportModulesInManaged (3ms)
			SetLoadedEditorAssemblies (3ms)
			BeforeProcessingInitializeOnLoad (22ms)
			ProcessInitializeOnLoadAttributes (125ms)
			ProcessInitializeOnLoadMethodAttributes (20ms)
			AfterProcessingInitializeOnLoad (6ms)
			EditorAssembliesLoaded (0ms)
		ExecutionOrderSort2 (0ms)
		AwakeInstancesAfterBackupRestoration (6ms)
Refreshing native plugins compatible for Editor in 2.73 ms, found 1 plugins.
Preloading 0 native plugins for Editor in 0.00 ms.
Unloading 2 Unused Serialized files (Serialized files now loaded: 0)
Unloading 975 unused Assets / (251.0 KB). Loaded Objects now: 1597.
Memory consumption went from 91.6 MB to 91.3 MB.
Total: 3.854000 ms (FindLiveObjects: 0.173600 ms CreateObjectMapping: 0.032800 ms MarkObjects: 3.447700 ms  DeleteObjects: 0.198200 ms)

Prepare: number of updated asset objects reloaded= 0
